<?xml version="1.0" encoding="UTF-8"?>
<!-- Generated by org.testng.reporters.JUnitReportReporter -->
<testsuite hostname="DESKTOP-2RTN81K" failures="0" tests="1" name="com.actitime.testscripts.CustomerModule" time="34.153" errors="0" timestamp="2023-06-02T07:52:08 IST" skipped="0">
  <testcase classname="com.actitime.testscripts.CustomerModule" name="testcreatCustomer" time="34.153"/>
  <system-out>
    <![CDATA[createcustomer]]>
  </system-out>
</testsuite> <!-- com.actitime.testscripts.CustomerModule -->
